-------------------------------------------------------------------------------
Test set: praktikum.ui.tests.RegistrationTest
-------------------------------------------------------------------------------
Tests run: 2, Failures: 0, Errors: 1, Skipped: 0, Time elapsed: 15.45 s <<< FAILURE! - in praktikum.ui.tests.RegistrationTest
incorrectPasswordErrorTest(praktikum.ui.tests.RegistrationTest)  Time elapsed: 12.391 s  <<< ERROR!
org.openqa.selenium.NoSuchElementException: 
Unable to locate element: .//p[contains(text(), '???????????? ??????')]
For documentation on this error, please visit: https://selenium.dev/exceptions/#no_such_element
Build info: version: '4.7.2', revision: '4d4020c3b7'
System info: os.name: 'Windows 10', os.arch: 'amd64', os.version: '10.0', java.version: '17.0.12'
Driver info: org.openqa.selenium.firefox.FirefoxDriver
Command: [2f89810f-6122-4a2d-938d-4d8c529610a9, findElement {using=xpath, value=.//p[contains(text(), '???????????? ??????')]}]
Capabilities {acceptInsecureCerts: true, browserName: firefox, browserVersion: 145.0.1, moz:accessibilityChecks: false, moz:buildID: 20251118022223, moz:geckodriverVersion: 0.36.0, moz:headless: false, moz:platformVersion: 10.0, moz:processID: 18764, moz:profile: C:\Users\wtf\AppData\Local\..., moz:shutdownTimeout: 60000, moz:webdriverClick: true, moz:windowless: false, pageLoadStrategy: normal, platformName: WINDOWS, proxy: Proxy(), setWindowRect: true, strictFileInteractability: false, timeouts: {implicit: 10000, pageLoad: 300000, script: 30000}, unhandledPromptBehavior: dismiss and notify, userAgent: Mozilla/5.0 (Windows NT 10....}
Session ID: 2f89810f-6122-4a2d-938d-4d8c529610a9
	at praktikum.ui.tests.RegistrationTest.incorrectPasswordErrorTest(RegistrationTest.java:55)

