<?xml version="1.0" encoding="UTF-8"?>
<testsuite xmlns:xsi="http://www.w3.org/2001/XMLSchema-instance" xsi:noNamespaceSchemaLocation="https://maven.apache.org/surefire/maven-surefire-plugin/xsd/surefire-test-report.xsd" name="praktikum.ui.tests.RegistrationTest" time="15.45" tests="2" errors="1" skipped="0" failures="0">
  <properties>
[...]
</properties>
  <testcase name="incorrectPasswordErrorTest" classname="praktikum.ui.tests.RegistrationTest" time="12.391">
    <error message="Unable to locate element: .//p[contains(text(), &apos;Некорректный пароль&apos;)]&#10;For documentation on this error, please visit: https://selenium.dev/exceptions/#no_such_element&#10;Build info: version: &apos;4.7.2&apos;, revision: &apos;4d4020c3b7&apos;&#10;System info: os.name: &apos;Windows 10&apos;, os.arch: &apos;amd64&apos;, os.version: &apos;10.0&apos;, java.version: &apos;17.0.12&apos;&#10;Driver info: org.openqa.selenium.firefox.FirefoxDriver&#10;Command: [2f89810f-6122-4a2d-938d-4d8c529610a9, findElement {using=xpath, value=.//p[contains(text(), &apos;Некорректный пароль&apos;)]}]&#10;Capabilities {acceptInsecureCerts: true, browserName: firefox, browserVersion: 145.0.1, moz:accessibilityChecks: false, moz:buildID: 20251118022223, moz:geckodriverVersion: 0.36.0, moz:headless: false, moz:platformVersion: 10.0, moz:processID: 18764, moz:profile: C:\Users\wtf\AppData\Local\..., moz:shutdownTimeout: 60000, moz:webdriverClick: true, moz:windowless: false, pageLoadStrategy: normal, platformName: WINDOWS, proxy: Proxy(), setWindowRect: true, strictFileInteractability: false, timeouts: {implicit: 10000, pageLoad: 300000, script: 30000}, unhandledPromptBehavior: dismiss and notify, userAgent: Mozilla/5.0 (Windows NT 10....}&#10;Session ID: 2f89810f-6122-4a2d-938d-4d8c529610a9" type="org.openqa.selenium.NoSuchElementException">org.openqa.selenium.NoSuchElementException: 
Unable to locate element: .//p[contains(text(), 'Некорректный пароль')]
For documentation on this error, please visit: https://selenium.dev/exceptions/#no_such_element
Build info: version: '4.7.2', revision: '4d4020c3b7'
System info: os.name: 'Windows 10', os.arch: 'amd64', os.version: '10.0', java.version: '17.0.12'
Driver info: org.openqa.selenium.firefox.FirefoxDriver
Command: [2f89810f-6122-4a2d-938d-4d8c529610a9, findElement {using=xpath, value=.//p[contains(text(), 'Некорректный пароль')]}]
Capabilities {acceptInsecureCerts: true, browserName: firefox, browserVersion: 145.0.1, moz:accessibilityChecks: false, moz:buildID: 20251118022223, moz:geckodriverVersion: 0.36.0, moz:headless: false, moz:platformVersion: 10.0, moz:processID: 18764, moz:profile: C:\Users\wtf\AppData\Local\..., moz:shutdownTimeout: 60000, moz:webdriverClick: true, moz:windowless: false, pageLoadStrategy: normal, platformName: WINDOWS, proxy: Proxy(), setWindowRect: true, strictFileInteractability: false, timeouts: {implicit: 10000, pageLoad: 300000, script: 30000}, unhandledPromptBehavior: dismiss and notify, userAgent: Mozilla/5.0 (Windows NT 10....}
Session ID: 2f89810f-6122-4a2d-938d-4d8c529610a9
	at praktikum.ui.tests.RegistrationTest.incorrectPasswordErrorTest(RegistrationTest.java:55)
</error>
    <system-err><![CDATA[1764339931782	geckodriver	INFO	Listening on 127.0.0.1:39447
1764339931822	mozrunner::runner	INFO	Running command: "C:\\Program Files\\Mozilla Firefox\\firefox.exe" "--marionette" "--lang=ru" "--remote-debugging-port" "4484 ... //localhost:44841/,http://[::1]:44841/" "-no-remote" "-profile" "C:\\Users\\wtf\\AppData\\Local\\Temp\\rust_mozprofileHXTzUk"
console.warn: services.settings: Ignoring preference override of remote settings server
console.warn: services.settings: Allow by setting MOZ_REMOTE_SETTINGS_DEVTOOLS=1 in the environment
Dynamically enable window occlusion 0
1764339932010	Marionette	INFO	Marionette enabled
console.error: "Warning: unrecognized command line flag" "-lang"
1764339932064	Marionette	INFO	Listening on port 49353
WebDriver BiDi listening on ws://127.0.0.1:44841
Read port: 49353
1764339932239	RemoteAgent	WARN	TLS certificate errors will be ignored for this session
console.warn: LoginRecipes: "Falling back to a synchronous message for: https://stellarburgers.education-services.ru."
1764339943578	Marionette	INFO	Stopped listening on port 49353
Dynamically enable window occlusion 1
console.error: "Failed to fetch https://spocs.getpocket.com/user:" "NetworkError when attempting to fetch resource."
console.error: (new TypeError("NetworkError when attempting to fetch resource.", ""))
console.error: (new Error("OHTTP was configured for https://ads.mozilla.org/v1/delete_user but we couldn't fetch a valid config", "moz-src:///browser/modules/ContextId.sys.mjs", 234))
console.warn: TopSitesFeed: Failed to fetch data from MARS server: NetworkError when attempting to fetch resource.
JavaScript error: resource://gre/modules/ObliviousHTTP.sys.mjs, line 117: NS_ERROR_XPC_CANT_CONVERT_PRIMITIVE_TO_ARRAY: Cannot convert primitive JavaScript value into an array arg 2 [nsIObliviousHttpService.newChannel]
JavaScript error: resource:///modules/AboutNewTab.sys.mjs, line 242: NS_ERROR_ILLEGAL_VALUE: Component returned failure code: 0x80070057 (NS_ERROR_ILLEGAL_VALUE) [nsIObserverService.removeObserver]
JavaScript error: resource://services-settings/RemoteSettingsClient.sys.mjs, line 85: Error: Unknown callback
JavaScript error: resource://gre/modules/JSONFile.sys.mjs, line 432: TypeError: can't access property "toJSONSafe", this._data is null
]]></system-err>
  </testcase>
  <testcase name="successfulRegistrationTest" classname="praktikum.ui.tests.RegistrationTest" time="3.058"/>
</testsuite>